1715542706.423174 client started (7935): version 3.2a, socket /tmp/tmux-1000/default, protocol 8
1715542706.423264 on Linux 4.4.0-19041-Microsoft #3996-Microsoft Thu Jan 18 16:36:00 PST 2024
1715542706.423306 using libevent 2.1.12-stable (poll); ncurses 6.3
1715542706.423365 flags are 0x18010000
1715542706.423394 socket is /tmp/tmux-1000/default
1715542706.423433 trying connect
1715542706.423638 add peer 0x7fffb7bca3b0: 6 ((nil))
1715542706.424500 sending message 100 to peer 0x7fffb7bca3b0 (4 bytes)
1715542706.424796 sending message 111 to peer 0x7fffb7bca3b0 (8 bytes)
1715542706.424823 sending message 101 to peer 0x7fffb7bca3b0 (15 bytes)
1715542706.424840 sending message 109 to peer 0x7fffb7bca3b0 (4 bytes)
1715542706.424855 sending message 102 to peer 0x7fffb7bca3b0 (10 bytes)
1715542706.424870 sending message 108 to peer 0x7fffb7bca3b0 (75 bytes)
1715542706.424885 sending message 112 to peer 0x7fffb7bca3b0 (58 bytes)
1715542706.424900 sending message 112 to peer 0x7fffb7bca3b0 (5 bytes)
1715542706.424916 sending message 112 to peer 0x7fffb7bca3b0 (5 bytes)
1715542706.424931 sending message 112 to peer 0x7fffb7bca3b0 (6 bytes)
1715542706.424945 sending message 112 to peer 0x7fffb7bca3b0 (6 bytes)
1715542706.424960 sending message 112 to peer 0x7fffb7bca3b0 (11 bytes)
1715542706.424975 sending message 112 to peer 0x7fffb7bca3b0 (10 bytes)
1715542706.424990 sending message 112 to peer 0x7fffb7bca3b0 (13 bytes)
1715542706.425004 sending message 112 to peer 0x7fffb7bca3b0 (14 bytes)
1715542706.425019 sending message 112 to peer 0x7fffb7bca3b0 (19 bytes)
1715542706.425034 sending message 112 to peer 0x7fffb7bca3b0 (11 bytes)
1715542706.425050 sending message 112 to peer 0x7fffb7bca3b0 (10 bytes)
1715542706.425065 sending message 112 to peer 0x7fffb7bca3b0 (15 bytes)
1715542706.425079 sending message 112 to peer 0x7fffb7bca3b0 (21 bytes)
1715542706.425094 sending message 112 to peer 0x7fffb7bca3b0 (13 bytes)
1715542706.425109 sending message 112 to peer 0x7fffb7bca3b0 (7 bytes)
1715542706.425123 sending message 112 to peer 0x7fffb7bca3b0 (13 bytes)
1715542706.425138 sending message 112 to peer 0x7fffb7bca3b0 (7 bytes)
1715542706.425153 sending message 112 to peer 0x7fffb7bca3b0 (13 bytes)
1715542706.425168 sending message 112 to peer 0x7fffb7bca3b0 (9 bytes)
1715542706.425182 sending message 112 to peer 0x7fffb7bca3b0 (21 bytes)
1715542706.425197 sending message 112 to peer 0x7fffb7bca3b0 (13 bytes)
1715542706.425211 sending message 112 to peer 0x7fffb7bca3b0 (9 bytes)
1715542706.425226 sending message 112 to peer 0x7fffb7bca3b0 (16 bytes)
1715542706.425240 sending message 112 to peer 0x7fffb7bca3b0 (13 bytes)
1715542706.425255 sending message 112 to peer 0x7fffb7bca3b0 (9 bytes)
1715542706.425270 sending message 112 to peer 0x7fffb7bca3b0 (9 bytes)
1715542706.425284 sending message 112 to peer 0x7fffb7bca3b0 (12 bytes)
1715542706.425299 sending message 112 to peer 0x7fffb7bca3b0 (8 bytes)
1715542706.425314 sending message 112 to peer 0x7fffb7bca3b0 (8 bytes)
1715542706.425328 sending message 112 to peer 0x7fffb7bca3b0 (13 bytes)
1715542706.425343 sending message 112 to peer 0x7fffb7bca3b0 (7 bytes)
1715542706.425357 sending message 112 to peer 0x7fffb7bca3b0 (7 bytes)
1715542706.425372 sending message 112 to peer 0x7fffb7bca3b0 (9 bytes)
1715542706.425387 sending message 112 to peer 0x7fffb7bca3b0 (9 bytes)
1715542706.425401 sending message 112 to peer 0x7fffb7bca3b0 (15 bytes)
1715542706.425415 sending message 112 to peer 0x7fffb7bca3b0 (13 bytes)
1715542706.425430 sending message 112 to peer 0x7fffb7bca3b0 (12 bytes)
1715542706.425445 sending message 112 to peer 0x7fffb7bca3b0 (8 bytes)
1715542706.425460 sending message 112 to peer 0x7fffb7bca3b0 (14 bytes)
1715542706.425474 sending message 112 to peer 0x7fffb7bca3b0 (11 bytes)
1715542706.425489 sending message 112 to peer 0x7fffb7bca3b0 (9 bytes)
1715542706.425503 sending message 112 to peer 0x7fffb7bca3b0 (10 bytes)
1715542706.425518 sending message 112 to peer 0x7fffb7bca3b0 (10 bytes)
1715542706.425533 sending message 112 to peer 0x7fffb7bca3b0 (10 bytes)
1715542706.425547 sending message 112 to peer 0x7fffb7bca3b0 (10 bytes)
1715542706.425600 sending message 112 to peer 0x7fffb7bca3b0 (11 bytes)
1715542706.425619 sending message 112 to peer 0x7fffb7bca3b0 (12 bytes)
1715542706.425634 sending message 112 to peer 0x7fffb7bca3b0 (12 bytes)
1715542706.425649 sending message 112 to peer 0x7fffb7bca3b0 (12 bytes)
1715542706.425663 sending message 112 to peer 0x7fffb7bca3b0 (12 bytes)
1715542706.425678 sending message 112 to peer 0x7fffb7bca3b0 (12 bytes)
1715542706.425693 sending message 112 to peer 0x7fffb7bca3b0 (11 bytes)
1715542706.425708 sending message 112 to peer 0x7fffb7bca3b0 (11 bytes)
1715542706.425722 sending message 112 to peer 0x7fffb7bca3b0 (12 bytes)
1715542706.425736 sending message 112 to peer 0x7fffb7bca3b0 (12 bytes)
1715542706.425751 sending message 112 to peer 0x7fffb7bca3b0 (12 bytes)
1715542706.425766 sending message 112 to peer 0x7fffb7bca3b0 (12 bytes)
1715542706.425781 sending message 112 to peer 0x7fffb7bca3b0 (12 bytes)
1715542706.425795 sending message 112 to peer 0x7fffb7bca3b0 (9 bytes)
1715542706.425810 sending message 112 to peer 0x7fffb7bca3b0 (12 bytes)
1715542706.425824 sending message 112 to peer 0x7fffb7bca3b0 (13 bytes)
1715542706.425839 sending message 112 to peer 0x7fffb7bca3b0 (13 bytes)
1715542706.425854 sending message 112 to peer 0x7fffb7bca3b0 (13 bytes)
1715542706.425868 sending message 112 to peer 0x7fffb7bca3b0 (13 bytes)
1715542706.425883 sending message 112 to peer 0x7fffb7bca3b0 (13 bytes)
1715542706.425897 sending message 112 to peer 0x7fffb7bca3b0 (8 bytes)
1715542706.425912 sending message 112 to peer 0x7fffb7bca3b0 (11 bytes)
1715542706.425927 sending message 112 to peer 0x7fffb7bca3b0 (11 bytes)
1715542706.425941 sending message 112 to peer 0x7fffb7bca3b0 (11 bytes)
1715542706.425956 sending message 112 to peer 0x7fffb7bca3b0 (12 bytes)
1715542706.425971 sending message 112 to peer 0x7fffb7bca3b0 (12 bytes)
1715542706.425985 sending message 112 to peer 0x7fffb7bca3b0 (12 bytes)
1715542706.426000 sending message 112 to peer 0x7fffb7bca3b0 (12 bytes)
1715542706.426015 sending message 112 to peer 0x7fffb7bca3b0 (13 bytes)
1715542706.426029 sending message 112 to peer 0x7fffb7bca3b0 (13 bytes)
1715542706.426044 sending message 112 to peer 0x7fffb7bca3b0 (13 bytes)
1715542706.426058 sending message 112 to peer 0x7fffb7bca3b0 (8 bytes)
1715542706.426073 sending message 112 to peer 0x7fffb7bca3b0 (13 bytes)
1715542706.426088 sending message 112 to peer 0x7fffb7bca3b0 (13 bytes)
1715542706.426102 sending message 112 to peer 0x7fffb7bca3b0 (13 bytes)
1715542706.426117 sending message 112 to peer 0x7fffb7bca3b0 (13 bytes)
1715542706.426131 sending message 112 to peer 0x7fffb7bca3b0 (13 bytes)
1715542706.426146 sending message 112 to peer 0x7fffb7bca3b0 (12 bytes)
1715542706.426161 sending message 112 to peer 0x7fffb7bca3b0 (12 bytes)
1715542706.426175 sending message 112 to peer 0x7fffb7bca3b0 (12 bytes)
1715542706.426189 sending message 112 to peer 0x7fffb7bca3b0 (12 bytes)
1715542706.426204 sending message 112 to peer 0x7fffb7bca3b0 (13 bytes)
1715542706.426218 sending message 112 to peer 0x7fffb7bca3b0 (8 bytes)
1715542706.426232 sending message 112 to peer 0x7fffb7bca3b0 (13 bytes)
1715542706.426247 sending message 112 to peer 0x7fffb7bca3b0 (13 bytes)
1715542706.426261 sending message 112 to peer 0x7fffb7bca3b0 (13 bytes)
1715542706.426276 sending message 112 to peer 0x7fffb7bca3b0 (13 bytes)
1715542706.426290 sending message 112 to peer 0x7fffb7bca3b0 (13 bytes)
1715542706.426305 sending message 112 to peer 0x7fffb7bca3b0 (13 bytes)
1715542706.426320 sending message 112 to peer 0x7fffb7bca3b0 (13 bytes)
1715542706.426334 sending message 112 to peer 0x7fffb7bca3b0 (12 bytes)
1715542706.426349 sending message 112 to peer 0x7fffb7bca3b0 (12 bytes)
1715542706.426364 sending message 112 to peer 0x7fffb7bca3b0 (12 bytes)
1715542706.426378 sending message 112 to peer 0x7fffb7bca3b0 (8 bytes)
1715542706.426393 sending message 112 to peer 0x7fffb7bca3b0 (12 bytes)
1715542706.426407 sending message 112 to peer 0x7fffb7bca3b0 (13 bytes)
1715542706.426422 sending message 112 to peer 0x7fffb7bca3b0 (13 bytes)
1715542706.426472 sending message 112 to peer 0x7fffb7bca3b0 (13 bytes)
1715542706.426490 sending message 112 to peer 0x7fffb7bca3b0 (13 bytes)
1715542706.426504 sending message 112 to peer 0x7fffb7bca3b0 (13 bytes)
1715542706.426519 sending message 112 to peer 0x7fffb7bca3b0 (13 bytes)
1715542706.426533 sending message 112 to peer 0x7fffb7bca3b0 (13 bytes)
1715542706.426547 sending message 112 to peer 0x7fffb7bca3b0 (13 bytes)
1715542706.426561 sending message 112 to peer 0x7fffb7bca3b0 (12 bytes)
1715542706.426575 sending message 112 to peer 0x7fffb7bca3b0 (10 bytes)
1715542706.426590 sending message 112 to peer 0x7fffb7bca3b0 (12 bytes)
1715542706.426604 sending message 112 to peer 0x7fffb7bca3b0 (12 bytes)
1715542706.426618 sending message 112 to peer 0x7fffb7bca3b0 (12 bytes)
1715542706.426632 sending message 112 to peer 0x7fffb7bca3b0 (13 bytes)
1715542706.426646 sending message 112 to peer 0x7fffb7bca3b0 (13 bytes)
1715542706.426660 sending message 112 to peer 0x7fffb7bca3b0 (13 bytes)
1715542706.426674 sending message 112 to peer 0x7fffb7bca3b0 (13 bytes)
1715542706.426689 sending message 112 to peer 0x7fffb7bca3b0 (13 bytes)
1715542706.426703 sending message 112 to peer 0x7fffb7bca3b0 (13 bytes)
1715542706.426717 sending message 112 to peer 0x7fffb7bca3b0 (13 bytes)
1715542706.426731 sending message 112 to peer 0x7fffb7bca3b0 (10 bytes)
1715542706.426745 sending message 112 to peer 0x7fffb7bca3b0 (13 bytes)
1715542706.426759 sending message 112 to peer 0x7fffb7bca3b0 (12 bytes)
1715542706.426773 sending message 112 to peer 0x7fffb7bca3b0 (12 bytes)
1715542706.426787 sending message 112 to peer 0x7fffb7bca3b0 (12 bytes)
1715542706.426801 sending message 112 to peer 0x7fffb7bca3b0 (10 bytes)
1715542706.426815 sending message 112 to peer 0x7fffb7bca3b0 (10 bytes)
1715542706.426830 sending message 112 to peer 0x7fffb7bca3b0 (10 bytes)
1715542706.426844 sending message 112 to peer 0x7fffb7bca3b0 (12 bytes)
1715542706.426858 sending message 112 to peer 0x7fffb7bca3b0 (13 bytes)
1715542706.426872 sending message 112 to peer 0x7fffb7bca3b0 (13 bytes)
1715542706.426886 sending message 112 to peer 0x7fffb7bca3b0 (13 bytes)
1715542706.426900 sending message 112 to peer 0x7fffb7bca3b0 (13 bytes)
1715542706.426914 sending message 112 to peer 0x7fffb7bca3b0 (13 bytes)
1715542706.426928 sending message 112 to peer 0x7fffb7bca3b0 (10 bytes)
1715542706.426942 sending message 112 to peer 0x7fffb7bca3b0 (11 bytes)
1715542706.426956 sending message 112 to peer 0x7fffb7bca3b0 (12 bytes)
1715542706.426970 sending message 112 to peer 0x7fffb7bca3b0 (12 bytes)
1715542706.426984 sending message 112 to peer 0x7fffb7bca3b0 (12 bytes)
1715542706.426999 sending message 112 to peer 0x7fffb7bca3b0 (12 bytes)
1715542706.427013 sending message 112 to peer 0x7fffb7bca3b0 (12 bytes)
1715542706.427027 sending message 112 to peer 0x7fffb7bca3b0 (11 bytes)
1715542706.427041 sending message 112 to peer 0x7fffb7bca3b0 (12 bytes)
1715542706.427055 sending message 112 to peer 0x7fffb7bca3b0 (12 bytes)
1715542706.427069 sending message 112 to peer 0x7fffb7bca3b0 (13 bytes)
1715542706.427083 sending message 112 to peer 0x7fffb7bca3b0 (13 bytes)
1715542706.427097 sending message 112 to peer 0x7fffb7bca3b0 (13 bytes)
1715542706.427111 sending message 112 to peer 0x7fffb7bca3b0 (13 bytes)
1715542706.427125 sending message 112 to peer 0x7fffb7bca3b0 (13 bytes)
1715542706.427139 sending message 112 to peer 0x7fffb7bca3b0 (10 bytes)
1715542706.427153 sending message 112 to peer 0x7fffb7bca3b0 (9 bytes)
1715542706.427167 sending message 112 to peer 0x7fffb7bca3b0 (12 bytes)
1715542706.427182 sending message 112 to peer 0x7fffb7bca3b0 (13 bytes)
1715542706.427196 sending message 112 to peer 0x7fffb7bca3b0 (13 bytes)
1715542706.427210 sending message 112 to peer 0x7fffb7bca3b0 (13 bytes)
1715542706.427224 sending message 112 to peer 0x7fffb7bca3b0 (13 bytes)
1715542706.427238 sending message 112 to peer 0x7fffb7bca3b0 (13 bytes)
1715542706.427252 sending message 112 to peer 0x7fffb7bca3b0 (9 bytes)
1715542706.427266 sending message 112 to peer 0x7fffb7bca3b0 (12 bytes)
1715542706.427281 sending message 112 to peer 0x7fffb7bca3b0 (13 bytes)
1715542706.427296 sending message 112 to peer 0x7fffb7bca3b0 (13 bytes)
1715542706.427311 sending message 112 to peer 0x7fffb7bca3b0 (13 bytes)
1715542706.427325 sending message 112 to peer 0x7fffb7bca3b0 (13 bytes)
1715542706.427339 sending message 112 to peer 0x7fffb7bca3b0 (13 bytes)
1715542706.427352 sending message 112 to peer 0x7fffb7bca3b0 (11 bytes)
1715542706.427366 sending message 112 to peer 0x7fffb7bca3b0 (12 bytes)
1715542706.427380 sending message 112 to peer 0x7fffb7bca3b0 (13 bytes)
1715542706.427394 sending message 112 to peer 0x7fffb7bca3b0 (13 bytes)
1715542706.427408 sending message 112 to peer 0x7fffb7bca3b0 (13 bytes)
1715542706.427422 sending message 112 to peer 0x7fffb7bca3b0 (13 bytes)
1715542706.427446 sending message 112 to peer 0x7fffb7bca3b0 (13 bytes)
1715542706.427462 sending message 112 to peer 0x7fffb7bca3b0 (11 bytes)
1715542706.427476 sending message 112 to peer 0x7fffb7bca3b0 (12 bytes)
1715542706.427490 sending message 112 to peer 0x7fffb7bca3b0 (12 bytes)
1715542706.427504 sending message 112 to peer 0x7fffb7bca3b0 (12 bytes)
1715542706.427518 sending message 112 to peer 0x7fffb7bca3b0 (12 bytes)
1715542706.427532 sending message 112 to peer 0x7fffb7bca3b0 (12 bytes)
1715542706.427564 sending message 112 to peer 0x7fffb7bca3b0 (21 bytes)
1715542706.427581 sending message 112 to peer 0x7fffb7bca3b0 (12 bytes)
1715542706.427595 sending message 112 to peer 0x7fffb7bca3b0 (9 bytes)
1715542706.427609 sending message 112 to peer 0x7fffb7bca3b0 (6 bytes)
1715542706.427623 sending message 112 to peer 0x7fffb7bca3b0 (13 bytes)
1715542706.427637 sending message 112 to peer 0x7fffb7bca3b0 (10 bytes)
1715542706.427651 sending message 112 to peer 0x7fffb7bca3b0 (24 bytes)
1715542706.427665 sending message 112 to peer 0x7fffb7bca3b0 (13 bytes)
1715542706.427678 sending message 112 to peer 0x7fffb7bca3b0 (9 bytes)
1715542706.427699 sending message 112 to peer 0x7fffb7bca3b0 (70 bytes)
1715542706.427715 sending message 112 to peer 0x7fffb7bca3b0 (69 bytes)
1715542706.427729 sending message 112 to peer 0x7fffb7bca3b0 (12 bytes)
1715542706.427743 sending message 112 to peer 0x7fffb7bca3b0 (10 bytes)
1715542706.427757 sending message 112 to peer 0x7fffb7bca3b0 (10 bytes)
1715542706.427770 sending message 112 to peer 0x7fffb7bca3b0 (24 bytes)
1715542706.427784 sending message 112 to peer 0x7fffb7bca3b0 (13 bytes)
1715542706.427798 sending message 112 to peer 0x7fffb7bca3b0 (10 bytes)
1715542706.427812 sending message 112 to peer 0x7fffb7bca3b0 (10 bytes)
1715542706.427826 sending message 112 to peer 0x7fffb7bca3b0 (10 bytes)
1715542706.427840 sending message 112 to peer 0x7fffb7bca3b0 (13 bytes)
1715542706.427854 sending message 112 to peer 0x7fffb7bca3b0 (15 bytes)
1715542706.427868 sending message 112 to peer 0x7fffb7bca3b0 (5 bytes)
1715542706.427885 sending message 104 to peer 0x7fffb7bca3b0 (0 bytes)
1715542706.427902 sending message 110 to peer 0x7fffb7bca3b0 (0 bytes)
1715542706.427917 sending message 107 to peer 0x7fffb7bca3b0 (4 bytes)
1715542706.427937 sending message 105 to peer 0x7fffb7bca3b0 (16 bytes)
1715542706.427952 sending message 105 to peer 0x7fffb7bca3b0 (29 bytes)
1715542706.427966 sending message 105 to peer 0x7fffb7bca3b0 (20 bytes)
1715542706.427980 sending message 105 to peer 0x7fffb7bca3b0 (79 bytes)
1715542706.427994 sending message 105 to peer 0x7fffb7bca3b0 (20 bytes)
1715542706.428008 sending message 105 to peer 0x7fffb7bca3b0 (42 bytes)
1715542706.428022 sending message 105 to peer 0x7fffb7bca3b0 (23 bytes)
1715542706.428036 sending message 105 to peer 0x7fffb7bca3b0 (13 bytes)
1715542706.428050 sending message 105 to peer 0x7fffb7bca3b0 (1519 bytes)
1715542706.428077 sending message 105 to peer 0x7fffb7bca3b0 (34 bytes)
1715542706.428093 sending message 105 to peer 0x7fffb7bca3b0 (20 bytes)
1715542706.428107 sending message 105 to peer 0x7fffb7bca3b0 (32 bytes)
1715542706.428121 sending message 105 to peer 0x7fffb7bca3b0 (17 bytes)
1715542706.428170 sending message 105 to peer 0x7fffb7bca3b0 (8 bytes)
1715542706.428188 sending message 105 to peer 0x7fffb7bca3b0 (31 bytes)
1715542706.428202 sending message 105 to peer 0x7fffb7bca3b0 (8 bytes)
1715542706.428217 sending message 105 to peer 0x7fffb7bca3b0 (65 bytes)
1715542706.428231 sending message 105 to peer 0x7fffb7bca3b0 (874 bytes)
1715542706.428245 sending message 105 to peer 0x7fffb7bca3b0 (16 bytes)
1715542706.428260 sending message 105 to peer 0x7fffb7bca3b0 (55 bytes)
1715542706.428274 sending message 105 to peer 0x7fffb7bca3b0 (16 bytes)
1715542706.428288 sending message 106 to peer 0x7fffb7bca3b0 (0 bytes)
1715542706.428308 sending message 200 to peer 0x7fffb7bca3b0 (4 bytes)
1715542706.428324 client loop enter
1715542706.471512 peer 0x7fffb7bca3b0 message 207
1715542706.471567 sending message 208 to peer 0x7fffb7bca3b0 (0 bytes)
1715542719.599325 peer 0x7fffb7bca3b0 message 203
1715542719.599369 sending message 205 to peer 0x7fffb7bca3b0 (0 bytes)
1715542719.601982 peer 0x7fffb7bca3b0 message 204
1715542719.602017 client loop exit
